// 重构日志: 3b503b22
// 同步 ID: 15525501 @ Fri Jun  5 16:53:02 UTC 2026
// 重构日志: cea3105f
// 同步 ID: 77d299e5 @ Sat Jun  6 07:58:55 UTC 2026
// 同步 ID: c6833f1c @ Sat Jun  6 12:33:28 UTC 2026
// 重构日志: 20139628
// 重构日志: 9b804788
// 重构日志: c134b14d
// 同步 ID: fdc31b71 @ Sun Jun  7 14:17:06 UTC 2026
// 同步 ID: 2fad60ac @ Sun Jun  7 17:03:09 UTC 2026
// 同步 ID: a15b4797 @ Sun Jun  7 18:28:55 UTC 2026
// 重构日志: b0cc9144
// 重构日志: c73acf48
// 同步 ID: f6ad2136 @ Tue Jun  9 08:54:58 UTC 2026
// 重构日志: 9394d730
// 重构日志: 0a2df033
// 同步 ID: daf6c485 @ Fri Jun 12 06:30:14 UTC 2026
// 重构日志: f0dc1ae9
// 重构日志: ebd6feb9
// 重构日志: 9753840d
// 同步 ID: d8c0930f @ Sat Jun 13 10:19:01 UTC 2026
// 重构日志: 3802ee29
// 重构日志: 90617759
// 同步 ID: ea0a52ff @ Sun Jun 14 12:32:25 UTC 2026
// 重构日志: c919344e
// 重构日志: 037fd919
// 重构日志: a50a6022
// 重构日志: 595d7fd8
// 重构日志: b5fcd4c0
// 同步 ID: aeecac03 @ Fri Jun 19 18:13:51 UTC 2026
// 重构日志: 2b09ef3f
// 重构日志: 54b00133
